{"name": "Open Secondary and paginate last -> first", "status": "broken", "statusDetails": {"message": "selenium.common.exceptions.TimeoutException: Message: \nStacktrace:\nRemoteError@chrome://remote/content/shared/RemoteError.sys.mjs:8:8\nWebDriverError@chrome://remote/content/shared/webdriver/Errors.sys.mjs:202:5\nNoSuchElementError@chrome://remote/content/shared/webdriver/Errors.sys.mjs:555:5\ndom.find/</<@chrome://remote/content/shared/DOM.sys.mjs:136:16\n\n", "trace": "  File \"C:\\Users\\Dwebb\\AppData\\Local\\Packages\\PythonSoftwareFoundation.Python.3.11_qbz5n2kfra8p0\\LocalCache\\local-packages\\Python311\\site-packages\\behave\\model.py\", line 1991, in run\n    match.run(runner.context)\n  File \"C:\\Users\\Dwebb\\AppData\\Local\\Packages\\PythonSoftwareFoundation.Python.3.11_qbz5n2kfra8p0\\LocalCache\\local-packages\\Python311\\site-packages\\behave\\matchers.py\", line 105, in run\n    self.func(context, *args, **kwargs)\n  File \"features\\steps\\secondary_steps.py\", line 21, in do_login\n    ctx.login.wait_until_logged_in()\n  File \"C:\\Users\\Dwebb\\OneDrive\\Desktop\\Internship-Project\\python-selenium-automation-main\\features\\pages\\pages_for_secondary.py\", line 29, in wait_until_logged_in\n    WebDriverWait(self.driver, timeout).until(\n  File \"C:\\Users\\Dwebb\\AppData\\Local\\Packages\\PythonSoftwareFoundation.Python.3.11_qbz5n2kfra8p0\\LocalCache\\local-packages\\Python311\\site-packages\\selenium\\webdriver\\support\\wait.py\", line 138, in until\n    raise TimeoutException(message, screen, stacktrace)\n"}, "steps": [{"name": "Given I open the site", "status": "passed", "start": 1762360438060, "stop": 1762360441020}, {"name": "When I log in", "status": "broken", "statusDetails": {"message": "selenium.common.exceptions.TimeoutException: Message: \nStacktrace:\nRemoteError@chrome://remote/content/shared/RemoteError.sys.mjs:8:8\nWebDriverError@chrome://remote/content/shared/webdriver/Errors.sys.mjs:202:5\nNoSuchElementError@chrome://remote/content/shared/webdriver/Errors.sys.mjs:555:5\ndom.find/</<@chrome://remote/content/shared/DOM.sys.mjs:136:16\n\n", "trace": "  File \"C:\\Users\\Dwebb\\AppData\\Local\\Packages\\PythonSoftwareFoundation.Python.3.11_qbz5n2kfra8p0\\LocalCache\\local-packages\\Python311\\site-packages\\behave\\model.py\", line 1991, in run\n    match.run(runner.context)\n  File \"C:\\Users\\Dwebb\\AppData\\Local\\Packages\\PythonSoftwareFoundation.Python.3.11_qbz5n2kfra8p0\\LocalCache\\local-packages\\Python311\\site-packages\\behave\\matchers.py\", line 105, in run\n    self.func(context, *args, **kwargs)\n  File \"features\\steps\\secondary_steps.py\", line 21, in do_login\n    ctx.login.wait_until_logged_in()\n  File \"C:\\Users\\Dwebb\\OneDrive\\Desktop\\Internship-Project\\python-selenium-automation-main\\features\\pages\\pages_for_secondary.py\", line 29, in wait_until_logged_in\n    WebDriverWait(self.driver, timeout).until(\n  File \"C:\\Users\\Dwebb\\AppData\\Local\\Packages\\PythonSoftwareFoundation.Python.3.11_qbz5n2kfra8p0\\LocalCache\\local-packages\\Python311\\site-packages\\selenium\\webdriver\\support\\wait.py\", line 138, in until\n    raise TimeoutException(message, screen, stacktrace)\n"}, "start": 1762360441020, "stop": 1762360472894}, {"name": "When I open the Secondary page", "status": "skipped", "start": 1762360472895, "stop": 1762360472895}, {"name": "And I go to the final page", "status": "skipped", "start": 1762360472895, "stop": 1762360472895}, {"name": "Then I go back to the first page", "status": "skipped", "start": 1762360472895, "stop": 1762360472895}], "start": 1762360438060, "stop": 1762360472895, "uuid": "51543201-e7d5-40cc-ae2b-5f8c8dbb8f0c", "historyId": "5f67e7ec878c290283d7ed5fdb37e2db", "fullName": "Secondary deals pagination: Open Secondary and paginate last -> first", "labels": [{"name": "severity", "value": "normal"}, {"name": "feature", "value": "Secondary deals pagination"}, {"name": "framework", "value": "behave"}, {"name": "language", "value": "cpython3"}], "titlePath": ["features", "tests", "Secondary deals pagination"]}